2025-04-21T11:18:35+00:00 → https://adv-rl.com/postback?subid=TEST123&status=lead
2025-04-21T11:18:36+00:00 → https://adv-rl.com/postback?subid=TEST123&status=lead
2025-04-21T11:19:38+00:00 → https://adv-rl.com/postback?subid=TEST123&status=lead
2025-04-21T11:19:39+00:00 → https://adv-rl.com/postback?subid=TEST123&status=lead
2025-04-21T11:27:20+00:00 → https://adv-rl.com/postback?subid=TEST123&status=lead
2025-04-21T11:27:21+00:00 → https://adv-rl.com/postback?subid=TEST123&status=lead
2025-04-21T11:31:20+00:00 → https://adv-rl.com/postback?subid=2tdm7jq6ssu&status=lead
2025-04-21T11:31:21+00:00 → https://adv-rl.com/postback?subid=2tdm7jq6ssu&status=lead
2025-04-21T11:57:05+00:00 → https://adv-rl.com/trk/postback?subid=2tdm7jq6ssu&status=lead
2025-04-21T11:57:06+00:00 → https://adv-rl.com/trk/postback?subid=2tdm7jq6ssu&status=lead
2025-04-21T11:58:54+00:00 → https://adv-rl.com/trk/postback?subid=2tdm7jq6st0&status=lead
2025-04-21T11:58:54+00:00 → https://adv-rl.com/trk/postback?subid=2tdm7jq6st0&status=lead
2025-04-21T12:12:06+00:00 → https://adv-rl.com/a08c202/postback?subid=2tdm7jq6st3&status=lead
2025-04-21T12:12:06+00:00 → https://adv-rl.com/a08c202/postback?subid=2tdm7jq6st3&status=lead
2025-04-21T12:26:48+00:00 → https://adv-rl.com/a08c202/postback?subid=2tdm7jq6srr&status=lead
2025-04-21T12:30:13+00:00 → https://adv-rl.com/a08c202/postback?subid=2tdm7jq6srr&status=lead
2025-04-21T12:30:14+00:00 → https://adv-rl.com/a08c202/postback?subid=2tdm7jq6srr&status=lead
2025-04-21T12:34:15+00:00 → https://adv-rl.com/a08c202/postback?subid=2tdm7jq6ssu&status=lead
2025-04-21T12:34:15+00:00 → https://adv-rl.com/a08c202/postback?subid=2tdm7jq6ssu&status=lead
2025-04-21T16:19:05+00:00 → https://adv-rl.com/a08c202/postback?subid=2tdm7jq6srr&status=lead
2025-04-21T16:19:05+00:00 → https://adv-rl.com/a08c202/postback?subid=2tdm7jq6srr&status=lead
2025-04-21T16:20:56+00:00 → https://adv-rl.com/a08c202/postback?subid=2tdm7jq6stg&status=lead
2025-04-21T17:48:20+00:00 → https://adv-rl.com/a08c202/postback?subid=2m1s8oq6stp&status=lead
2025-04-22T07:03:34+00:00 → https://adv-rl.com/a08c202/postback?subid=2tdm7jq6stg&status=lead
2025-04-22T07:03:35+00:00 → https://adv-rl.com/a08c202/postback?subid=2tdm7jq6stg&status=lead
2025-04-22T08:17:36+00:00 → https://adv-rl.com/a08c202/postback?subid=2tdm7jq6sva&status=sale
2025-04-22T08:37:42+00:00 → https://adv-rl.com/a08c202/postback?subid=2tdm7jq6st0&status=lead
2025-04-22T08:37:43+00:00 → https://adv-rl.com/a08c202/postback?subid=2tdm7jq6st0&status=lead
2025-04-22T08:40:38+00:00 → https://adv-rl.com/a08c202/postback?subid=2tdm7jq6sve&status=sale
2025-04-22T08:46:22+00:00 → https://adv-rl.com/a08c202/postback?subid=2m1s8oq6svh&status=lead
2025-04-22T08:55:11+00:00 → https://adv-rl.com/a08c202/postback?subid=2m1s8oq6svh&status=sale
2025-04-22T10:06:29+00:00 → https://adv-rl.com/a08c202/postback?subid=2tdm7jq6stg&status=lead
2025-04-22T10:06:29+00:00 → https://adv-rl.com/a08c202/postback?subid=2tdm7jq6stg&status=lead
2025-04-23T06:20:57+00:00 → https://adv-rl.com/a08c202/postback?subid=2tdm7jq6t25&status=lead
2025-04-23T06:20:58+00:00 → https://adv-rl.com/a08c202/postback?subid=2tdm7jq6t25&status=lead
2025-04-23T06:26:22+00:00 → https://adv-rl.com/a08c202/postback?subid=2tdm7jq6t25&status=sale
