2025-04-22T07:12:02+00:00 === pharmbot.php START ===
2025-04-22T07:12:02+00:00 Fetching: https://pharmempire.com/index.php?service=api&api_key=N1TUFwNT0U2jgt9ZH1xEtZPtEnVWFjds&date_from=2025-04-22&date_to=2025-04-22&format=json
2025-04-22T07:12:02+00:00 ❌ JSON decode error or missing 'orders'
2025-04-22T07:18:04+00:00 === pharmbot.php START ===
2025-04-22T07:18:04+00:00 ⚠️ Unable to load login page
2025-04-22T07:22:57+00:00 === pharmbot.php START ===
2025-04-22T07:22:57+00:00 ❌ Login may have failed
2025-04-22T07:33:13 === pharmbot.php START ===
2025-04-22T07:33:22+00:00 ✅ Done. 0 new sent.
2025-04-22T07:48:45+00:00 === pharmbot.php START ===
2025-04-22T07:48:45+00:00 ❌ Unable to load login page
2025-04-22T07:56:05+00:00 === pharmbot.php START ===
2025-04-22T07:56:11+00:00 ❌ JSON decode error or missing 'orders'
2025-04-22T08:03:23+00:00 === pharmbot.php START ===
2025-04-22T08:03:23+00:00 ❌ JSON decode error or missing 'orders'
2025-04-22T08:04:40 === pharmbot.php START ===
2025-04-22T08:04:49+00:00 ✅ Done. 0 new sent.
2025-04-22T08:17:28+00:00 === pharmbot.php START ===
2025-04-22T08:17:36+00:00 ✔ Sent 5650 [2tdm7jq6sva] → upsale (18.05)
2025-04-22T08:17:36+00:00 ✅ Done. 1 new sent.
2025-04-22T08:31:45+00:00 === pharmbot.php START ===
2025-04-22T08:33:08+00:00 === pharmbot.php START ===
2025-04-22T08:33:08+00:00 ❌ JSON decode error or missing 'orders'
2025-04-22T08:33:10+00:00 ❌ JSON decode error or missing 'orders'
2025-04-22T08:33:26+00:00 === pharmbot.php START ===
2025-04-22T08:33:26+00:00 ❌ JSON decode error or missing 'orders'
2025-04-22T08:34:59+00:00 === pharmbot.php START ===
2025-04-22T08:34:59+00:00 ❌ JSON decode error or missing 'orders'
2025-04-22T08:40:30+00:00 === pharmbot.php START ===
2025-04-22T08:40:38+00:00 ✔ Sent 5651 [2tdm7jq6sve] → upsale (41.13)
2025-04-22T08:40:38+00:00 ✅ Done. 1 new sent.
2025-04-22T08:45:03+00:00 === pharmbot.php START ===
2025-04-22T08:45:11+00:00 ✅ Done. 0 new sent.
2025-04-22T08:50:03+00:00 === pharmbot.php START ===
2025-04-22T08:50:11+00:00 ✅ Done. 0 new sent.
2025-04-22T08:55:02+00:00 === pharmbot.php START ===
2025-04-22T08:55:12+00:00 ✔ Sent 5652 [2m1s8oq6svh] → upsale (20.79)
2025-04-22T08:55:12+00:00 ✅ Done. 1 new sent.
2025-04-22T09:00:04+00:00 === pharmbot.php START ===
2025-04-22T09:00:13+00:00 ✅ Done. 0 new sent.
2025-04-22T09:05:03+00:00 === pharmbot.php START ===
2025-04-22T09:05:11+00:00 ✅ Done. 0 new sent.
2025-04-22T09:10:03+00:00 === pharmbot.php START ===
2025-04-22T09:10:12+00:00 ✅ Done. 0 new sent.
2025-04-22T09:15:03+00:00 === pharmbot.php START ===
2025-04-22T09:15:12+00:00 ✅ Done. 0 new sent.
2025-04-22T09:20:03+00:00 === pharmbot.php START ===
2025-04-22T09:20:11+00:00 ✅ Done. 0 new sent.
2025-04-22T09:25:02+00:00 === pharmbot.php START ===
2025-04-22T09:25:13+00:00 ✅ Done. 0 new sent.
2025-04-22T09:30:03+00:00 === pharmbot.php START ===
2025-04-22T09:30:13+00:00 ✅ Done. 0 new sent.
2025-04-22T09:35:03+00:00 === pharmbot.php START ===
2025-04-22T09:35:12+00:00 ✅ Done. 0 new sent.
2025-04-22T09:40:03+00:00 === pharmbot.php START ===
2025-04-22T09:40:12+00:00 ✅ Done. 0 new sent.
2025-04-22T09:45:02+00:00 === pharmbot.php START ===
2025-04-22T09:45:11+00:00 ✅ Done. 0 new sent.
2025-04-22T09:50:03+00:00 === pharmbot.php START ===
2025-04-22T09:50:13+00:00 ✅ Done. 0 new sent.
2025-04-22T09:55:03+00:00 === pharmbot.php START ===
2025-04-22T09:55:11+00:00 ✅ Done. 0 new sent.
2025-04-22T10:00:03+00:00 === pharmbot.php START ===
2025-04-22T10:00:12+00:00 ✅ Done. 0 new sent.
2025-04-22T10:05:03+00:00 === pharmbot.php START ===
2025-04-22T10:05:12+00:00 ✅ Done. 0 new sent.
2025-04-22T10:10:02+00:00 === pharmbot.php START ===
2025-04-22T10:10:11+00:00 ✅ Done. 0 new sent.
2025-04-22T10:15:03+00:00 === pharmbot.php START ===
2025-04-22T10:15:12+00:00 ✅ Done. 0 new sent.
2025-04-22T10:19:02+00:00 === pharmbot.php START ===
2025-04-22T10:19:11+00:00 ✅ Done. 0 new sent.
2025-04-22T10:20:02+00:00 === pharmbot.php START ===
2025-04-22T10:20:11+00:00 ✅ Done. 0 new sent.
2025-04-22T10:21:02+00:00 === pharmbot.php START ===
2025-04-22T10:21:10+00:00 ✅ Done. 0 new sent.
2025-04-22T10:22:02+00:00 === pharmbot.php START ===
2025-04-22T10:22:11+00:00 ✅ Done. 0 new sent.
2025-04-22T10:23:02+00:00 === pharmbot.php START ===
2025-04-22T10:23:11+00:00 ✅ Done. 0 new sent.
2025-04-22T10:24:02+00:00 === pharmbot.php START ===
2025-04-22T10:24:11+00:00 ✅ Done. 0 new sent.
2025-04-22T10:25:03+00:00 === pharmbot.php START ===
2025-04-22T10:25:12+00:00 ✅ Done. 0 new sent.
2025-04-22T10:26:01+00:00 === pharmbot.php START ===
2025-04-22T10:26:10+00:00 ✅ Done. 0 new sent.
2025-04-22T10:27:02+00:00 === pharmbot.php START ===
2025-04-22T10:27:11+00:00 ✅ Done. 0 new sent.
2025-04-22T10:28:02+00:00 === pharmbot.php START ===
2025-04-22T10:28:11+00:00 ✅ Done. 0 new sent.
2025-04-22T10:29:02+00:00 === pharmbot.php START ===
2025-04-22T10:29:11+00:00 ✅ Done. 0 new sent.
2025-04-22T10:30:03+00:00 === pharmbot.php START ===
2025-04-22T10:30:12+00:00 ✅ Done. 0 new sent.
2025-04-22T10:31:02+00:00 === pharmbot.php START ===
2025-04-22T10:31:11+00:00 ✅ Done. 0 new sent.
2025-04-22T10:32:02+00:00 === pharmbot.php START ===
2025-04-22T10:32:11+00:00 ✅ Done. 0 new sent.
2025-04-22T10:33:02+00:00 === pharmbot.php START ===
2025-04-22T10:33:11+00:00 ✅ Done. 0 new sent.
2025-04-22T10:34:02+00:00 === pharmbot.php START ===
2025-04-22T10:34:10+00:00 ✅ Done. 0 new sent.
2025-04-22T10:35:03+00:00 === pharmbot.php START ===
2025-04-22T10:35:12+00:00 ✅ Done. 0 new sent.
2025-04-22T10:36:02+00:00 === pharmbot.php START ===
2025-04-22T10:36:10+00:00 ✅ Done. 0 new sent.
2025-04-22T10:37:02+00:00 === pharmbot.php START ===
2025-04-22T10:37:11+00:00 ✅ Done. 0 new sent.
2025-04-22T10:38:02+00:00 === pharmbot.php START ===
2025-04-22T10:38:11+00:00 ✅ Done. 0 new sent.
2025-04-22T10:39:02+00:00 === pharmbot.php START ===
2025-04-22T10:39:11+00:00 ✅ Done. 0 new sent.
2025-04-22T10:40:02+00:00 === pharmbot.php START ===
2025-04-22T10:40:13+00:00 ✅ Done. 0 new sent.
2025-04-22T10:41:02+00:00 === pharmbot.php START ===
2025-04-22T10:41:11+00:00 ✅ Done. 0 new sent.
2025-04-22T10:42:02+00:00 === pharmbot.php START ===
2025-04-22T10:42:10+00:00 ✅ Done. 0 new sent.
2025-04-22T10:43:02+00:00 === pharmbot.php START ===
2025-04-22T10:43:11+00:00 ✅ Done. 0 new sent.
2025-04-22T10:44:02+00:00 === pharmbot.php START ===
2025-04-22T10:44:11+00:00 ✅ Done. 0 new sent.
2025-04-22T10:45:03+00:00 === pharmbot.php START ===
2025-04-22T10:45:11+00:00 ✅ Done. 0 new sent.
2025-04-22T10:46:02+00:00 === pharmbot.php START ===
2025-04-22T10:46:11+00:00 ✅ Done. 0 new sent.
2025-04-22T10:47:02+00:00 === pharmbot.php START ===
2025-04-22T10:47:11+00:00 ✅ Done. 0 new sent.
2025-04-22T10:48:02+00:00 === pharmbot.php START ===
2025-04-22T10:48:10+00:00 ✅ Done. 0 new sent.
2025-04-22T10:49:02+00:00 === pharmbot.php START ===
2025-04-22T10:49:10+00:00 ✅ Done. 0 new sent.
2025-04-22T10:50:03+00:00 === pharmbot.php START ===
2025-04-22T10:50:12+00:00 ✅ Done. 0 new sent.
2025-04-22T10:51:02+00:00 === pharmbot.php START ===
2025-04-22T10:51:11+00:00 ✅ Done. 0 new sent.
2025-04-22T10:52:02+00:00 === pharmbot.php START ===
2025-04-22T10:52:11+00:00 ✅ Done. 0 new sent.
2025-04-22T10:53:02+00:00 === pharmbot.php START ===
2025-04-22T10:53:11+00:00 ✅ Done. 0 new sent.
2025-04-22T10:54:02+00:00 === pharmbot.php START ===
2025-04-22T10:54:10+00:00 ✅ Done. 0 new sent.
2025-04-22T10:55:03+00:00 === pharmbot.php START ===
2025-04-22T10:55:12+00:00 ✅ Done. 0 new sent.
2025-04-22T10:56:02+00:00 === pharmbot.php START ===
2025-04-22T10:56:11+00:00 ✅ Done. 0 new sent.
2025-04-22T10:57:02+00:00 === pharmbot.php START ===
2025-04-22T10:57:10+00:00 ✅ Done. 0 new sent.
2025-04-22T10:58:02+00:00 === pharmbot.php START ===
2025-04-22T10:58:11+00:00 ✅ Done. 0 new sent.
2025-04-22T10:59:02+00:00 === pharmbot.php START ===
2025-04-22T10:59:11+00:00 ✅ Done. 0 new sent.
2025-04-22T11:00:02+00:00 === pharmbot.php START ===
2025-04-22T11:00:11+00:00 ✅ Done. 0 new sent.
2025-04-22T11:01:02+00:00 === pharmbot.php START ===
2025-04-22T11:01:10+00:00 ✅ Done. 0 new sent.
2025-04-22T11:02:02+00:00 === pharmbot.php START ===
2025-04-22T11:02:11+00:00 ✅ Done. 0 new sent.
2025-04-22T11:03:02+00:00 === pharmbot.php START ===
2025-04-22T11:03:10+00:00 ✅ Done. 0 new sent.
2025-04-22T11:04:02+00:00 === pharmbot.php START ===
2025-04-22T11:04:11+00:00 ✅ Done. 0 new sent.
2025-04-22T11:05:03+00:00 === pharmbot.php START ===
2025-04-22T11:05:11+00:00 ✅ Done. 0 new sent.
2025-04-22T11:06:01+00:00 === pharmbot.php START ===
2025-04-22T11:06:10+00:00 ✅ Done. 0 new sent.
2025-04-22T11:07:02+00:00 === pharmbot.php START ===
2025-04-22T11:07:10+00:00 ✅ Done. 0 new sent.
2025-04-22T11:08:02+00:00 === pharmbot.php START ===
2025-04-22T11:08:11+00:00 ✅ Done. 0 new sent.
2025-04-22T11:09:01+00:00 === pharmbot.php START ===
2025-04-22T11:09:10+00:00 ✅ Done. 0 new sent.
2025-04-22T11:10:03+00:00 === pharmbot.php START ===
2025-04-22T11:10:11+00:00 ✅ Done. 0 new sent.
2025-04-22T11:11:02+00:00 === pharmbot.php START ===
2025-04-22T11:11:10+00:00 ✅ Done. 0 new sent.
2025-04-22T11:12:02+00:00 === pharmbot.php START ===
2025-04-22T11:12:12+00:00 ✅ Done. 0 new sent.
2025-04-22T11:13:01+00:00 === pharmbot.php START ===
2025-04-22T11:13:10+00:00 ✅ Done. 0 new sent.
2025-04-22T11:14:02+00:00 === pharmbot.php START ===
2025-04-22T11:14:10+00:00 ✅ Done. 0 new sent.
2025-04-22T11:15:03+00:00 === pharmbot.php START ===
2025-04-22T11:15:12+00:00 ✅ Done. 0 new sent.
2025-04-22T11:16:02+00:00 === pharmbot.php START ===
2025-04-22T11:16:10+00:00 ✅ Done. 0 new sent.
2025-04-22T11:17:02+00:00 === pharmbot.php START ===
2025-04-22T11:17:11+00:00 ✅ Done. 0 new sent.
2025-04-22T11:18:02+00:00 === pharmbot.php START ===
2025-04-22T11:18:11+00:00 ✅ Done. 0 new sent.
2025-04-22T11:19:02+00:00 === pharmbot.php START ===
2025-04-22T11:19:10+00:00 ✅ Done. 0 new sent.
2025-04-22T11:20:03+00:00 === pharmbot.php START ===
2025-04-22T11:20:12+00:00 ✅ Done. 0 new sent.
2025-04-22T11:21:02+00:00 === pharmbot.php START ===
2025-04-22T11:21:11+00:00 ✅ Done. 0 new sent.
2025-04-22T11:22:02+00:00 === pharmbot.php START ===
2025-04-22T11:22:10+00:00 ✅ Done. 0 new sent.
2025-04-22T11:23:02+00:00 === pharmbot.php START ===
2025-04-22T11:23:10+00:00 ✅ Done. 0 new sent.
2025-04-22T11:24:02+00:00 === pharmbot.php START ===
2025-04-22T11:24:11+00:00 ✅ Done. 0 new sent.
2025-04-22T11:25:02+00:00 === pharmbot.php START ===
2025-04-22T11:25:10+00:00 ✅ Done. 0 new sent.
2025-04-22T11:26:02+00:00 === pharmbot.php START ===
2025-04-22T11:26:11+00:00 ✅ Done. 0 new sent.
2025-04-22T11:27:02+00:00 === pharmbot.php START ===
2025-04-22T11:27:11+00:00 ✅ Done. 0 new sent.
2025-04-22T11:28:02+00:00 === pharmbot.php START ===
2025-04-22T11:28:10+00:00 ✅ Done. 0 new sent.
2025-04-22T11:29:02+00:00 === pharmbot.php START ===
2025-04-22T11:29:11+00:00 ✅ Done. 0 new sent.
2025-04-22T11:30:02+00:00 === pharmbot.php START ===
2025-04-22T11:30:11+00:00 ✅ Done. 0 new sent.
2025-04-22T11:31:02+00:00 === pharmbot.php START ===
2025-04-22T11:31:11+00:00 ✅ Done. 0 new sent.
2025-04-22T11:32:02+00:00 === pharmbot.php START ===
2025-04-22T11:32:10+00:00 ✅ Done. 0 new sent.
2025-04-22T11:33:02+00:00 === pharmbot.php START ===
2025-04-22T11:33:11+00:00 ✅ Done. 0 new sent.
2025-04-22T11:34:02+00:00 === pharmbot.php START ===
2025-04-22T11:34:11+00:00 ✅ Done. 0 new sent.
2025-04-22T11:35:02+00:00 === pharmbot.php START ===
2025-04-22T11:35:11+00:00 ✅ Done. 0 new sent.
2025-04-22T11:36:02+00:00 === pharmbot.php START ===
2025-04-22T11:36:10+00:00 ✅ Done. 0 new sent.
2025-04-22T11:37:02+00:00 === pharmbot.php START ===
2025-04-22T11:37:10+00:00 ✅ Done. 0 new sent.
2025-04-22T11:38:02+00:00 === pharmbot.php START ===
2025-04-22T11:38:11+00:00 ✅ Done. 0 new sent.
2025-04-22T11:39:02+00:00 === pharmbot.php START ===
2025-04-22T11:39:10+00:00 ✅ Done. 0 new sent.
2025-04-22T11:40:03+00:00 === pharmbot.php START ===
2025-04-22T11:40:12+00:00 ✅ Done. 0 new sent.
2025-04-22T11:41:02+00:00 === pharmbot.php START ===
2025-04-22T11:41:11+00:00 ✅ Done. 0 new sent.
2025-04-22T11:42:02+00:00 === pharmbot.php START ===
2025-04-22T11:42:10+00:00 ✅ Done. 0 new sent.
2025-04-22T11:43:02+00:00 === pharmbot.php START ===
2025-04-22T11:43:11+00:00 ✅ Done. 0 new sent.
2025-04-22T11:44:02+00:00 === pharmbot.php START ===
2025-04-22T11:44:11+00:00 ✅ Done. 0 new sent.
2025-04-22T11:45:03+00:00 === pharmbot.php START ===
2025-04-22T11:45:11+00:00 ✅ Done. 0 new sent.
2025-04-22T11:46:02+00:00 === pharmbot.php START ===
2025-04-22T11:46:11+00:00 ✅ Done. 0 new sent.
2025-04-22T11:47:02+00:00 === pharmbot.php START ===
2025-04-22T11:47:10+00:00 ✅ Done. 0 new sent.
2025-04-22T11:48:02+00:00 === pharmbot.php START ===
2025-04-22T11:48:12+00:00 ✅ Done. 0 new sent.
2025-04-22T11:49:02+00:00 === pharmbot.php START ===
2025-04-22T11:49:11+00:00 ✅ Done. 0 new sent.
2025-04-22T11:50:02+00:00 === pharmbot.php START ===
2025-04-22T11:50:13+00:00 ✅ Done. 0 new sent.
2025-04-22T11:51:02+00:00 === pharmbot.php START ===
2025-04-22T11:51:10+00:00 ✅ Done. 0 new sent.
2025-04-22T11:52:02+00:00 === pharmbot.php START ===
2025-04-22T11:52:11+00:00 ✅ Done. 0 new sent.
2025-04-22T11:53:02+00:00 === pharmbot.php START ===
2025-04-22T11:53:11+00:00 ✅ Done. 0 new sent.
2025-04-22T11:54:02+00:00 === pharmbot.php START ===
2025-04-22T11:54:10+00:00 ✅ Done. 0 new sent.
2025-04-22T11:55:03+00:00 === pharmbot.php START ===
2025-04-22T11:55:11+00:00 ✅ Done. 0 new sent.
2025-04-22T11:56:02+00:00 === pharmbot.php START ===
2025-04-22T11:56:12+00:00 ✅ Done. 0 new sent.
2025-04-22T11:57:02+00:00 === pharmbot.php START ===
2025-04-22T11:57:10+00:00 ✅ Done. 0 new sent.
2025-04-22T11:58:02+00:00 === pharmbot.php START ===
2025-04-22T11:58:11+00:00 ✅ Done. 0 new sent.
2025-04-22T11:59:02+00:00 === pharmbot.php START ===
2025-04-22T11:59:10+00:00 ✅ Done. 0 new sent.
2025-04-22T12:00:03+00:00 === pharmbot.php START ===
2025-04-22T12:00:12+00:00 ✅ Done. 0 new sent.
2025-04-22T12:01:02+00:00 === pharmbot.php START ===
2025-04-22T12:01:11+00:00 ✅ Done. 0 new sent.
2025-04-22T12:02:01+00:00 === pharmbot.php START ===
2025-04-22T12:02:10+00:00 ✅ Done. 0 new sent.
2025-04-22T12:03:02+00:00 === pharmbot.php START ===
2025-04-22T12:03:11+00:00 ✅ Done. 0 new sent.
2025-04-22T12:04:02+00:00 === pharmbot.php START ===
2025-04-22T12:04:11+00:00 ✅ Done. 0 new sent.
2025-04-22T12:05:02+00:00 === pharmbot.php START ===
2025-04-22T12:05:11+00:00 ✅ Done. 0 new sent.
2025-04-22T12:06:02+00:00 === pharmbot.php START ===
2025-04-22T12:06:11+00:00 ✅ Done. 0 new sent.
2025-04-22T12:07:02+00:00 === pharmbot.php START ===
2025-04-22T12:07:10+00:00 ✅ Done. 0 new sent.
2025-04-22T12:08:02+00:00 === pharmbot.php START ===
2025-04-22T12:08:11+00:00 ✅ Done. 0 new sent.
2025-04-22T12:09:02+00:00 === pharmbot.php START ===
2025-04-22T12:09:10+00:00 ✅ Done. 0 new sent.
2025-04-22T12:10:03+00:00 === pharmbot.php START ===
2025-04-22T12:10:11+00:00 ✅ Done. 0 new sent.
2025-04-22T12:11:02+00:00 === pharmbot.php START ===
2025-04-22T12:11:11+00:00 ✅ Done. 0 new sent.
2025-04-22T12:12:01+00:00 === pharmbot.php START ===
2025-04-22T12:12:10+00:00 ✅ Done. 0 new sent.
2025-04-22T12:13:02+00:00 === pharmbot.php START ===
2025-04-22T12:13:11+00:00 ✅ Done. 0 new sent.
2025-04-22T12:14:02+00:00 === pharmbot.php START ===
2025-04-22T12:14:11+00:00 ✅ Done. 0 new sent.
2025-04-22T12:15:03+00:00 === pharmbot.php START ===
2025-04-22T12:15:11+00:00 ✅ Done. 0 new sent.
2025-04-22T12:16:02+00:00 === pharmbot.php START ===
2025-04-22T12:16:10+00:00 ✅ Done. 0 new sent.
2025-04-22T12:17:02+00:00 === pharmbot.php START ===
2025-04-22T12:17:11+00:00 ✅ Done. 0 new sent.
2025-04-22T12:18:02+00:00 === pharmbot.php START ===
2025-04-22T12:18:11+00:00 ✅ Done. 0 new sent.
2025-04-22T12:19:02+00:00 === pharmbot.php START ===
2025-04-22T12:19:10+00:00 ✅ Done. 0 new sent.
2025-04-22T12:20:03+00:00 === pharmbot.php START ===
2025-04-22T12:20:12+00:00 ✅ Done. 0 new sent.
2025-04-22T12:21:02+00:00 === pharmbot.php START ===
2025-04-22T12:21:11+00:00 ✅ Done. 0 new sent.
2025-04-22T12:22:02+00:00 === pharmbot.php START ===
2025-04-22T12:22:11+00:00 ✅ Done. 0 new sent.
2025-04-22T12:23:01+00:00 === pharmbot.php START ===
2025-04-22T12:23:10+00:00 ✅ Done. 0 new sent.
2025-04-22T12:24:02+00:00 === pharmbot.php START ===
2025-04-22T12:24:10+00:00 ✅ Done. 0 new sent.
2025-04-22T12:25:02+00:00 === pharmbot.php START ===
2025-04-22T12:25:11+00:00 ✅ Done. 0 new sent.
2025-04-22T12:26:02+00:00 === pharmbot.php START ===
2025-04-22T12:26:11+00:00 ✅ Done. 0 new sent.
2025-04-22T12:27:01+00:00 === pharmbot.php START ===
2025-04-22T12:27:11+00:00 ✅ Done. 0 new sent.
2025-04-22T12:28:02+00:00 === pharmbot.php START ===
2025-04-22T12:28:11+00:00 ✅ Done. 0 new sent.
2025-04-22T12:29:02+00:00 === pharmbot.php START ===
2025-04-22T12:29:11+00:00 ✅ Done. 0 new sent.
2025-04-22T12:30:03+00:00 === pharmbot.php START ===
2025-04-22T12:30:12+00:00 ✅ Done. 0 new sent.
2025-04-22T12:31:02+00:00 === pharmbot.php START ===
2025-04-22T12:31:11+00:00 ✅ Done. 0 new sent.
2025-04-22T12:32:02+00:00 === pharmbot.php START ===
2025-04-22T12:32:11+00:00 ✅ Done. 0 new sent.
2025-04-22T12:33:02+00:00 === pharmbot.php START ===
2025-04-22T12:33:11+00:00 ✅ Done. 0 new sent.
2025-04-22T12:34:02+00:00 === pharmbot.php START ===
2025-04-22T12:34:11+00:00 ✅ Done. 0 new sent.
2025-04-22T12:35:02+00:00 === pharmbot.php START ===
2025-04-22T12:35:11+00:00 ✅ Done. 0 new sent.
2025-04-22T12:36:01+00:00 === pharmbot.php START ===
2025-04-22T12:36:10+00:00 ✅ Done. 0 new sent.
2025-04-22T12:37:02+00:00 === pharmbot.php START ===
2025-04-22T12:37:11+00:00 ✅ Done. 0 new sent.
2025-04-22T12:38:02+00:00 === pharmbot.php START ===
2025-04-22T12:38:12+00:00 ✅ Done. 0 new sent.
2025-04-22T12:39:02+00:00 === pharmbot.php START ===
2025-04-22T12:39:11+00:00 ✅ Done. 0 new sent.
2025-04-22T12:40:03+00:00 === pharmbot.php START ===
2025-04-22T12:40:12+00:00 ✅ Done. 0 new sent.
2025-04-22T12:41:02+00:00 === pharmbot.php START ===
2025-04-22T12:41:11+00:00 ✅ Done. 0 new sent.
2025-04-22T12:42:02+00:00 === pharmbot.php START ===
2025-04-22T12:42:11+00:00 ✅ Done. 0 new sent.
2025-04-22T12:43:02+00:00 === pharmbot.php START ===
2025-04-22T12:43:11+00:00 ✅ Done. 0 new sent.
2025-04-22T12:44:02+00:00 === pharmbot.php START ===
2025-04-22T12:44:10+00:00 ✅ Done. 0 new sent.
2025-04-22T12:45:03+00:00 === pharmbot.php START ===
2025-04-22T12:45:12+00:00 ✅ Done. 0 new sent.
2025-04-22T12:46:02+00:00 === pharmbot.php START ===
2025-04-22T12:46:11+00:00 ✅ Done. 0 new sent.
2025-04-22T12:47:02+00:00 === pharmbot.php START ===
2025-04-22T12:47:11+00:00 ✅ Done. 0 new sent.
2025-04-22T12:48:02+00:00 === pharmbot.php START ===
2025-04-22T12:48:10+00:00 ✅ Done. 0 new sent.
2025-04-22T12:49:02+00:00 === pharmbot.php START ===
2025-04-22T12:49:10+00:00 ✅ Done. 0 new sent.
2025-04-22T12:50:02+00:00 === pharmbot.php START ===
2025-04-22T12:50:11+00:00 ✅ Done. 0 new sent.
2025-04-22T12:51:02+00:00 === pharmbot.php START ===
2025-04-22T12:51:11+00:00 ✅ Done. 0 new sent.
2025-04-22T12:52:02+00:00 === pharmbot.php START ===
2025-04-22T12:52:11+00:00 ✅ Done. 0 new sent.
2025-04-22T12:53:01+00:00 === pharmbot.php START ===
2025-04-22T12:53:10+00:00 ✅ Done. 0 new sent.
2025-04-22T12:54:02+00:00 === pharmbot.php START ===
2025-04-22T12:54:11+00:00 ✅ Done. 0 new sent.
2025-04-22T12:55:03+00:00 === pharmbot.php START ===
2025-04-22T12:55:12+00:00 ✅ Done. 0 new sent.
2025-04-22T12:56:02+00:00 === pharmbot.php START ===
2025-04-22T12:56:11+00:00 ✅ Done. 0 new sent.
2025-04-22T12:57:01+00:00 === pharmbot.php START ===
2025-04-22T12:57:10+00:00 ✅ Done. 0 new sent.
2025-04-22T12:58:02+00:00 === pharmbot.php START ===
2025-04-22T12:58:11+00:00 ✅ Done. 0 new sent.
2025-04-22T12:59:02+00:00 === pharmbot.php START ===
2025-04-22T12:59:10+00:00 ✅ Done. 0 new sent.
2025-04-22T13:00:03+00:00 === pharmbot.php START ===
2025-04-22T13:00:12+00:00 ✅ Done. 0 new sent.
2025-04-22T13:01:02+00:00 === pharmbot.php START ===
2025-04-22T13:01:11+00:00 ✅ Done. 0 new sent.
2025-04-22T13:02:02+00:00 === pharmbot.php START ===
2025-04-22T13:02:10+00:00 ✅ Done. 0 new sent.
2025-04-22T13:03:02+00:00 === pharmbot.php START ===
2025-04-22T13:03:11+00:00 ✅ Done. 0 new sent.
2025-04-22T13:04:02+00:00 === pharmbot.php START ===
2025-04-22T13:04:11+00:00 ✅ Done. 0 new sent.
2025-04-22T13:05:02+00:00 === pharmbot.php START ===
2025-04-22T13:05:11+00:00 ✅ Done. 0 new sent.
2025-04-22T13:06:01+00:00 === pharmbot.php START ===
2025-04-22T13:06:10+00:00 ✅ Done. 0 new sent.
2025-04-22T13:07:02+00:00 === pharmbot.php START ===
2025-04-22T13:07:10+00:00 ✅ Done. 0 new sent.
2025-04-22T13:08:02+00:00 === pharmbot.php START ===
2025-04-22T13:08:11+00:00 ✅ Done. 0 new sent.
2025-04-22T13:09:02+00:00 === pharmbot.php START ===
2025-04-22T13:09:11+00:00 ✅ Done. 0 new sent.
2025-04-22T13:10:03+00:00 === pharmbot.php START ===
2025-04-22T13:10:12+00:00 ✅ Done. 0 new sent.
2025-04-22T13:11:01+00:00 === pharmbot.php START ===
2025-04-22T13:11:11+00:00 ✅ Done. 0 new sent.
2025-04-22T13:12:01+00:00 === pharmbot.php START ===
2025-04-22T13:12:11+00:00 ✅ Done. 0 new sent.
2025-04-22T13:13:02+00:00 === pharmbot.php START ===
2025-04-22T13:13:10+00:00 ✅ Done. 0 new sent.
2025-04-22T13:14:02+00:00 === pharmbot.php START ===
2025-04-22T13:14:11+00:00 ✅ Done. 0 new sent.
2025-04-22T13:15:03+00:00 === pharmbot.php START ===
2025-04-22T13:15:13+00:00 ✅ Done. 0 new sent.
2025-04-22T13:16:01+00:00 === pharmbot.php START ===
2025-04-22T13:16:10+00:00 ✅ Done. 0 new sent.
2025-04-22T13:17:02+00:00 === pharmbot.php START ===
2025-04-22T13:17:11+00:00 ✅ Done. 0 new sent.
2025-04-22T13:18:02+00:00 === pharmbot.php START ===
2025-04-22T13:18:11+00:00 ✅ Done. 0 new sent.
2025-04-22T13:19:02+00:00 === pharmbot.php START ===
2025-04-22T13:19:10+00:00 ✅ Done. 0 new sent.
2025-04-22T13:20:03+00:00 === pharmbot.php START ===
2025-04-22T13:20:12+00:00 ✅ Done. 0 new sent.
2025-04-22T13:21:02+00:00 === pharmbot.php START ===
2025-04-22T13:21:12+00:00 ✅ Done. 0 new sent.
2025-04-22T13:22:02+00:00 === pharmbot.php START ===
2025-04-22T13:22:10+00:00 ✅ Done. 0 new sent.
2025-04-22T13:23:02+00:00 === pharmbot.php START ===
2025-04-22T13:23:11+00:00 ✅ Done. 0 new sent.
2025-04-22T13:24:01+00:00 === pharmbot.php START ===
2025-04-22T13:24:11+00:00 ✅ Done. 0 new sent.
2025-04-22T13:25:03+00:00 === pharmbot.php START ===
2025-04-22T13:25:12+00:00 ✅ Done. 0 new sent.
2025-04-22T13:26:02+00:00 === pharmbot.php START ===
2025-04-22T13:26:10+00:00 ✅ Done. 0 new sent.
2025-04-22T13:27:02+00:00 === pharmbot.php START ===
2025-04-22T13:27:11+00:00 ✅ Done. 0 new sent.
2025-04-22T13:28:01+00:00 === pharmbot.php START ===
2025-04-22T13:28:10+00:00 ✅ Done. 0 new sent.
2025-04-22T13:29:02+00:00 === pharmbot.php START ===
2025-04-22T13:29:12+00:00 ✅ Done. 0 new sent.
2025-04-22T13:30:03+00:00 === pharmbot.php START ===
2025-04-22T13:30:12+00:00 ✅ Done. 0 new sent.
2025-04-22T13:31:02+00:00 === pharmbot.php START ===
2025-04-22T13:31:11+00:00 ✅ Done. 0 new sent.
2025-04-22T13:32:02+00:00 === pharmbot.php START ===
2025-04-22T13:32:10+00:00 ✅ Done. 0 new sent.
2025-04-22T13:33:02+00:00 === pharmbot.php START ===
2025-04-22T13:33:11+00:00 ✅ Done. 0 new sent.
2025-04-22T13:34:02+00:00 === pharmbot.php START ===
2025-04-22T13:34:11+00:00 ✅ Done. 0 new sent.
2025-04-22T13:35:03+00:00 === pharmbot.php START ===
2025-04-22T13:35:12+00:00 ✅ Done. 0 new sent.
2025-04-22T13:36:02+00:00 === pharmbot.php START ===
2025-04-22T13:36:11+00:00 ✅ Done. 0 new sent.
2025-04-22T13:37:01+00:00 === pharmbot.php START ===
2025-04-22T13:37:10+00:00 ✅ Done. 0 new sent.
2025-04-22T13:38:02+00:00 === pharmbot.php START ===
2025-04-22T13:38:11+00:00 ✅ Done. 0 new sent.
2025-04-22T13:39:02+00:00 === pharmbot.php START ===
2025-04-22T13:39:11+00:00 ✅ Done. 0 new sent.
2025-04-22T13:40:03+00:00 === pharmbot.php START ===
2025-04-22T13:40:11+00:00 ✅ Done. 0 new sent.
2025-04-22T13:41:02+00:00 === pharmbot.php START ===
2025-04-22T13:41:10+00:00 ✅ Done. 0 new sent.
2025-04-22T13:42:02+00:00 === pharmbot.php START ===
2025-04-22T13:42:11+00:00 ✅ Done. 0 new sent.
2025-04-22T13:43:01+00:00 === pharmbot.php START ===
2025-04-22T13:43:11+00:00 ✅ Done. 0 new sent.
2025-04-22T13:44:01+00:00 === pharmbot.php START ===
2025-04-22T13:44:10+00:00 ✅ Done. 0 new sent.
2025-04-22T13:45:02+00:00 === pharmbot.php START ===
2025-04-22T13:45:11+00:00 ✅ Done. 0 new sent.
2025-04-22T13:46:02+00:00 === pharmbot.php START ===
2025-04-22T13:46:11+00:00 ✅ Done. 0 new sent.
2025-04-22T13:47:01+00:00 === pharmbot.php START ===
2025-04-22T13:47:10+00:00 ✅ Done. 0 new sent.
2025-04-22T13:48:02+00:00 === pharmbot.php START ===
2025-04-22T13:48:11+00:00 ✅ Done. 0 new sent.
2025-04-22T13:49:02+00:00 === pharmbot.php START ===
2025-04-22T13:49:10+00:00 ✅ Done. 0 new sent.
2025-04-22T14:00:03+00:00 === pharmbot.php START ===
2025-04-22T14:00:12+00:00 ✅ Done. 0 new sent.
2025-04-22T15:00:03+00:00 === pharmbot.php START ===
2025-04-22T15:01:28+00:00 ❌ JSON decode error or missing 'orders'
2025-04-22T16:00:03+00:00 === pharmbot.php START ===
2025-04-22T16:00:12+00:00 ✅ Done. 0 new sent.
2025-04-22T17:00:03+00:00 === pharmbot.php START ===
2025-04-22T17:00:11+00:00 ✅ Done. 0 new sent.
2025-04-22T18:00:02+00:00 === pharmbot.php START ===
2025-04-22T18:00:11+00:00 ✅ Done. 0 new sent.
2025-04-22T19:00:03+00:00 === pharmbot.php START ===
2025-04-22T19:01:28+00:00 ❌ JSON decode error or missing 'orders'
2025-04-22T20:00:03+00:00 === pharmbot.php START ===
2025-04-22T20:00:12+00:00 ✅ Done. 0 new sent.
2025-04-22T21:00:03+00:00 === pharmbot.php START ===
2025-04-22T21:01:28+00:00 ❌ JSON decode error or missing 'orders'
2025-04-22T22:00:03+00:00 === pharmbot.php START ===
2025-04-22T22:00:13+00:00 ✅ Done. 0 new sent.
2025-04-22T23:00:02+00:00 === pharmbot.php START ===
2025-04-22T23:00:11+00:00 ✅ Done. 0 new sent.
2025-04-23T00:00:14+00:00 === pharmbot.php START ===
2025-04-23T00:01:39+00:00 ❌ JSON decode error or missing 'orders'
2025-04-23T01:00:02+00:00 === pharmbot.php START ===
2025-04-23T01:00:09+00:00 ❌ JSON decode error or missing 'orders'
2025-04-23T02:00:02+00:00 === pharmbot.php START ===
2025-04-23T02:00:09+00:00 ❌ JSON decode error or missing 'orders'
2025-04-23T03:00:03+00:00 === pharmbot.php START ===
2025-04-23T03:00:10+00:00 ❌ JSON decode error or missing 'orders'
2025-04-23T04:00:02+00:00 === pharmbot.php START ===
2025-04-23T04:00:09+00:00 ❌ JSON decode error or missing 'orders'
2025-04-23T05:00:03+00:00 === pharmbot.php START ===
2025-04-23T05:00:10+00:00 ❌ JSON decode error or missing 'orders'
2025-04-23T06:00:03+00:00 === pharmbot.php START ===
2025-04-23T06:00:10+00:00 ❌ JSON decode error or missing 'orders'
2025-04-23T06:26:13+00:00 === pharmbot.php START ===
2025-04-23T06:26:16+00:00 === pharmbot.php START ===
2025-04-23T06:26:22+00:00 ✔ Sent 5654 [2tdm7jq6t25] → upsale (20.14)
2025-04-23T06:26:22+00:00 ✅ Done. 1 new sent.
2025-04-23T06:26:24+00:00 ✅ Done. 0 new sent.
2025-04-23T07:00:04+00:00 === pharmbot.php START ===
2025-04-23T07:00:12+00:00 ✅ Done. 0 new sent.
2025-04-23T08:00:04+00:00 === pharmbot.php START ===
2025-04-23T08:00:12+00:00 ✅ Done. 0 new sent.
2025-04-23T09:00:04+00:00 === pharmbot.php START ===
2025-04-23T09:00:13+00:00 ✅ Done. 0 new sent.
2025-04-23T09:11:45+00:00 === pharmbot.php START ===
2025-04-23T09:11:54+00:00 ✔ Sent order 5655  subid=2tdm7jq6t2b  status=upsale
2025-04-23T09:11:54+00:00 ✅ Done. 1 new sent.
2025-04-23T09:24:20+00:00 === pharmbot.php START ===
2025-04-23T09:24:29+00:00 ✔ Sent order 5656  subid=2tdm7jq6t2f  status=upsale
2025-04-23T09:24:29+00:00 ✅ Done. 1 new sent.
2025-04-23T10:00:03+00:00 === pharmbot.php START ===
2025-04-23T10:00:12+00:00 ✅ Done. 0 new sent.
2025-04-23T10:01:44+00:00 === pharmbot.php START ===
2025-04-23T10:01:54+00:00 ✔ Sent order 5657  subid=2tdm7jq6t2k  status=upsale
2025-04-23T10:01:54+00:00 ✅ Done. 1 new sent.
2025-04-23T11:00:03+00:00 === pharmbot.php START ===
2025-04-23T11:00:12+00:00 ✅ Done. 0 new sent.
2025-04-23T12:00:03+00:00 === pharmbot.php START ===
2025-04-23T12:01:08+00:00 ❌ Empty API response
2025-04-23T12:53:32+00:00 === pharmbot.php START ===
2025-04-23T12:53:41+00:00 ✔ Sent order 5658  subid=2l3pe4j6t2u  status=upsale
2025-04-23T12:53:41+00:00 ✅ Done. 1 new sent.
2025-04-23T13:00:03+00:00 === pharmbot.php START ===
2025-04-23T13:00:12+00:00 ✅ Done. 0 new sent.
2025-04-23T13:26:37+00:00 === pharmbot.php START ===
2025-04-23T13:26:40+00:00 === pharmbot.php START ===
2025-04-23T13:26:49+00:00 ✔ Sent order 5659  subid=2tdm7jq6t34  status=sale
2025-04-23T13:26:49+00:00 ✅ Done. 1 new sent.
2025-04-23T13:42:12+00:00 === pharmbot.php START ===
2025-04-23T13:42:22+00:00 ✔ Sent order 5660  subid=2tdm7jq6t35  status=sale
2025-04-23T13:42:22+00:00 ✅ Done. 1 new sent.
2025-04-23T13:47:24+00:00 === pharmbot.php START ===
2025-04-23T13:47:33+00:00 ✅ Done. 0 new sent.
2025-04-23T14:00:03+00:00 === pharmbot.php START ===
2025-04-23T14:00:13+00:00 ✅ Done. 0 new sent.
2025-04-23T15:00:03+00:00 === pharmbot.php START ===
2025-04-23T15:00:12+00:00 ✅ Done. 0 new sent.
2025-04-23T16:00:03+00:00 === pharmbot.php START ===
2025-04-23T16:00:13+00:00 ✅ Done. 0 new sent.
2025-04-23T17:00:03+00:00 === pharmbot.php START ===
2025-04-23T17:00:13+00:00 ✅ Done. 0 new sent.
2025-04-23T18:00:04+00:00 === pharmbot.php START ===
2025-04-23T18:00:13+00:00 ✅ Done. 0 new sent.
2025-04-23T19:00:03+00:00 === pharmbot.php START ===
2025-04-23T19:00:12+00:00 ✅ Done. 0 new sent.
2025-04-23T20:00:03+00:00 === pharmbot.php START ===
2025-04-23T20:00:13+00:00 ✅ Done. 0 new sent.
2025-04-23T21:00:03+00:00 === pharmbot.php START ===
2025-04-23T21:00:13+00:00 ✅ Done. 0 new sent.
2025-04-23T22:00:03+00:00 === pharmbot.php START ===
2025-04-23T22:00:13+00:00 ✅ Done. 0 new sent.
2025-04-23T23:00:04+00:00 === pharmbot.php START ===
2025-04-23T23:01:29+00:00 ❌ Empty API response
2025-04-24T00:00:03+00:00 === pharmbot.php START ===
2025-04-24T00:00:11+00:00 ❌ JSON decode error or missing 'orders'
2025-04-24T01:00:03+00:00 === pharmbot.php START ===
2025-04-24T01:00:11+00:00 ❌ JSON decode error or missing 'orders'
2025-04-24T02:00:03+00:00 === pharmbot.php START ===
2025-04-24T02:00:10+00:00 ❌ JSON decode error or missing 'orders'
2025-04-24T03:00:02+00:00 === pharmbot.php START ===
2025-04-24T03:00:10+00:00 ❌ JSON decode error or missing 'orders'
2025-04-24T04:00:02+00:00 === pharmbot.php START ===
2025-04-24T04:00:10+00:00 ❌ JSON decode error or missing 'orders'
2025-04-24T05:00:03+00:00 === pharmbot.php START ===
2025-04-24T05:00:10+00:00 ❌ JSON decode error or missing 'orders'
2025-04-24T06:00:03+00:00 === pharmbot.php START ===
2025-04-24T06:00:11+00:00 ❌ JSON decode error or missing 'orders'
2025-04-24T06:10:47+00:00 === pharmbot.php START ===
2025-04-24T06:10:50+00:00 === pharmbot.php START ===
2025-04-24T06:10:56+00:00 ✅ Done. 0 new sent.
2025-04-24T06:10:59+00:00 ✅ Done. 0 new sent.
2025-04-24T06:11:35+00:00 === pharmbot.php START ===
2025-04-24T06:11:45+00:00 ✅ Done. 0 new sent.
2025-04-24T06:15:52+00:00 === pharmbot.php START ===
2025-04-24T06:16:02+00:00 ✔ Sent order 5662  subid=2tdm7jq6t5c  status=sale
2025-04-24T06:16:02+00:00 ✅ Done. 1 new sent.
